<?xml version="1.0" encoding="UTF-8"?>
<!-- Generated by org.testng.reporters.JUnitReportReporter -->
<testsuite hostname="DESKTOP-J5FISRR" failures="0" tests="1" name="com.test.IJMeetLoginTest" time="36.537" errors="0" timestamp="25 Jun 2022 08:57:55 GMT" skipped="0">
  <testcase classname="com.test.IJMeetLoginTest" name="VerifyOnClickJoinMeetingUserRedirectsToJoinMeetingPage" time="36.537"/>
</testsuite> <!-- com.test.IJMeetLoginTest -->
