<?xml version="1.0" encoding="UTF-8"?>
<!-- Generated by org.testng.reporters.JUnitReportReporter -->
<testsuite hostname="DESKTOP-J5FISRR" failures="0" tests="1" name="com.test.IjMeetSignUpPagetTest" time="31.690" errors="0" timestamp="25 Jun 2022 09:08:46 GMT" skipped="0">
  <testcase classname="com.test.IjMeetSignUpPagetTest" name="VerifyPhonenoinPlaceofFullName" time="31.690"/>
</testsuite> <!-- com.test.IjMeetSignUpPagetTest -->
