<?xml version="1.0" encoding="UTF-8"?>
<!-- Generated by org.testng.reporters.JUnitReportReporter -->
<testsuite hostname="DESKTOP-J5FISRR" failures="0" tests="1" name="com.test.IjMeetSignUpPagetTest" time="27.895" errors="0" timestamp="23 Jun 2022 17:19:12 GMT" skipped="0">
  <testcase classname="com.test.IjMeetSignUpPagetTest" name="VerifyPhonenoinPlaceofFullName" time="27.895"/>
</testsuite> <!-- com.test.IjMeetSignUpPagetTest -->
