<?xml version="1.0" encoding="UTF-8"?>
<!-- Generated by org.testng.reporters.JUnitReportReporter -->
<testsuite hostname="DESKTOP-J5FISRR" failures="0" tests="1" name="com.test.IJMeetLoginTest" time="49.944" errors="0" timestamp="23 Jun 2022 17:19:12 GMT" skipped="0">
  <testcase classname="com.test.IJMeetLoginTest" name="VerifyOnClickJoinMeetingUserRedirectsToJoinMeetingPage" time="49.944"/>
</testsuite> <!-- com.test.IJMeetLoginTest -->
